{
  "RSpec": {
    "coverage": {
      "/Users/jameslieu/Desktop/Developer/technical_tests/rental_yield_calculator/app/controllers/landlords_controller.rb": [
        1,
        null,
        1,
        2,
        null,
        null,
        1,
        1,
        null,
        null,
        1,
        11,
        11,
        null,
        null,
        1,
        1,
        null,
        null,
        1,
        6,
        6,
        6,
        null,
        null,
        1,
        null,
        1,
        17,
        null,
        null,
        1,
        3,
        null,
        null,
        1,
        8,
        null,
        null,
        1,
        6,
        null,
        null,
        null
      ],
      "/Users/jameslieu/Desktop/Developer/technical_tests/rental_yield_calculator/app/controllers/application_controller.rb": [
        1,
        null,
        null,
        1,
        null
      ],
      "/Users/jameslieu/Desktop/Developer/technical_tests/rental_yield_calculator/app/models/landlord.rb": [
        1,
        1,
        1,
        null
      ]
    },
    "timestamp": 1412289318
  }
}
