{
  "RSpec": {
    "coverage": {
      "/Users/jlieu/Desktop/personal/rental_yield_calculator/spec/spec_helper.rb": [
        null,
        null,
        null,
        null,
        null,
        null,
        null,
        null,
        null,
        null,
        null,
        null,
        null,
        null,
        null,
        null,
        1,
        null,
        null,
        null,
        null,
        null,
        null,
        null,
        null,
        null,
        null,
        null,
        null,
        null,
        null,
        null,
        null,
        null,
        null,
        null,
        null,
        null,
        null,
        null,
        null,
        null,
        null,
        null,
        null,
        null,
        null,
        null,
        null,
        null,
        null,
        null,
        null,
        null,
        null,
        null,
        null,
        null,
        null,
        null,
        null,
        null,
        null,
        null,
        null,
        null,
        null,
        null,
        null,
        null,
        null,
        null,
        null,
        null,
        null,
        null,
        null,
        null
      ],
      "/Users/jlieu/Desktop/personal/rental_yield_calculator/config/environment.rb": [
        null,
        1,
        null,
        null,
        1
      ],
      "/Users/jlieu/Desktop/personal/rental_yield_calculator/config/application.rb": [
        1,
        null,
        1,
        null,
        null,
        null,
        1,
        null,
        1,
        1,
        null,
        null,
        null,
        null,
        null,
        null,
        null,
        null,
        null,
        null,
        null,
        null,
        1,
        1,
        null,
        null,
        null,
        null
      ],
      "/Users/jlieu/Desktop/personal/rental_yield_calculator/config/boot.rb": [
        null,
        1,
        null,
        1
      ],
      "/Users/jlieu/Desktop/personal/rental_yield_calculator/config/environments/test.rb": [
        1,
        null,
        null,
        null,
        null,
        null,
        null,
        1,
        null,
        null,
        null,
        null,
        1,
        null,
        null,
        1,
        1,
        null,
        null,
        1,
        1,
        null,
        null,
        1,
        null,
        null,
        1,
        null,
        null,
        null,
        null,
        1,
        null,
        null,
        1,
        null,
        null,
        null,
        null
      ],
      "/Users/jlieu/Desktop/personal/rental_yield_calculator/config/initializers/backtrace_silencers.rb": [
        null,
        null,
        null,
        null,
        null,
        null,
        null
      ],
      "/Users/jlieu/Desktop/personal/rental_yield_calculator/config/initializers/cookies_serializer.rb": [
        null,
        null,
        1
      ],
      "/Users/jlieu/Desktop/personal/rental_yield_calculator/config/initializers/filter_parameter_logging.rb": [
        null,
        null,
        null,
        1
      ],
      "/Users/jlieu/Desktop/personal/rental_yield_calculator/config/initializers/inflections.rb": [
        null,
        null,
        null,
        null,
        null,
        null,
        null,
        null,
        null,
        null,
        null,
        null,
        null,
        null,
        null,
        null
      ],
      "/Users/jlieu/Desktop/personal/rental_yield_calculator/config/initializers/mime_types.rb": [
        null,
        null,
        null,
        null
      ],
      "/Users/jlieu/Desktop/personal/rental_yield_calculator/config/initializers/session_store.rb": [
        null,
        null,
        1
      ],
      "/Users/jlieu/Desktop/personal/rental_yield_calculator/config/initializers/wrap_parameters.rb": [
        null,
        null,
        null,
        null,
        null,
        null,
        1,
        1,
        null,
        null,
        null,
        null,
        null,
        null
      ],
      "/Users/jlieu/Desktop/personal/rental_yield_calculator/spec/factories/landlord.rb": [
        1,
        null,
        1,
        10,
        10,
        1,
        1,
        1,
        null,
        null,
        null
      ],
      "/Users/jlieu/Desktop/personal/rental_yield_calculator/config/routes.rb": [
        1,
        null,
        null,
        null,
        null,
        null,
        null,
        1,
        null,
        1,
        null,
        null,
        null,
        null,
        null,
        null,
        null,
        null,
        null,
        null,
        null,
        null,
        null,
        null,
        null,
        null,
        null,
        null,
        null,
        null,
        null,
        null,
        null,
        null,
        null,
        null,
        null,
        null,
        null,
        null,
        null,
        null,
        null,
        null,
        null,
        null,
        null,
        null,
        null,
        null,
        null,
        null,
        null,
        null,
        null,
        null,
        null,
        null,
        null,
        null,
        null,
        null
      ],
      "/Users/jlieu/Desktop/personal/rental_yield_calculator/app/helpers/application_helper.rb": [
        1,
        null
      ],
      "/Users/jlieu/Desktop/personal/rental_yield_calculator/app/helpers/landlords_helper.rb": [
        1,
        null
      ],
      "/Users/jlieu/Desktop/personal/rental_yield_calculator/app/controllers/landlords_controller.rb": [
        1,
        null,
        1,
        2,
        null,
        null,
        1,
        11,
        11,
        null,
        null,
        1,
        1,
        null,
        null,
        1,
        null,
        1,
        11,
        null,
        null,
        1,
        5,
        null,
        null,
        1,
        6,
        null,
        null,
        null
      ],
      "/Users/jlieu/Desktop/personal/rental_yield_calculator/app/controllers/application_controller.rb": [
        1,
        null,
        null,
        1,
        null
      ],
      "/Users/jlieu/Desktop/personal/rental_yield_calculator/spec/models/landlord_spec.rb": [
        1,
        null,
        1,
        1,
        2,
        2,
        2,
        2,
        2,
        null,
        null,
        null,
        1,
        1,
        2,
        null,
        null,
        1,
        2,
        null,
        null,
        null
      ],
      "/Users/jlieu/Desktop/personal/rental_yield_calculator/app/models/landlord.rb": [
        1,
        1,
        1,
        null
      ]
    },
    "timestamp": 1412173027
  }
}
